<?xml version="1.0" encoding="UTF-8"?>
<coverage generated="1773527732089" clover="3.2.0">
  <project timestamp="1773527732089" name="All files">
    <metrics statements="51" coveredstatements="34" conditionals="51" coveredconditionals="28" methods="17" coveredmethods="13" elements="119" coveredelements="75" complexity="0" loc="51" ncloc="51" packages="1" files="3" classes="3"/>
    <file name="history.ts" path="C:\Windsurf\schockboard-apk\src\domain\history.ts">
      <metrics statements="20" coveredstatements="14" conditionals="29" coveredconditionals="16" methods="5" coveredmethods="5"/>
      <line num="4" count="5" type="cond" truecount="2" falsecount="0"/>
      <line num="8" count="1" type="stmt"/>
      <line num="23" count="1" type="cond" truecount="1" falsecount="1"/>
      <line num="27" count="2" type="cond" truecount="1" falsecount="1"/>
      <line num="28" count="0" type="stmt"/>
      <line num="31" count="2" type="cond" truecount="4" falsecount="0"/>
      <line num="32" count="1" type="stmt"/>
      <line num="35" count="1" type="cond" truecount="2" falsecount="2"/>
      <line num="36" count="0" type="stmt"/>
      <line num="39" count="1" type="stmt"/>
      <line num="49" count="2" type="cond" truecount="1" falsecount="1"/>
      <line num="50" count="2" type="cond" truecount="2" falsecount="2"/>
      <line num="51" count="2" type="stmt"/>
      <line num="53" count="2" type="cond" truecount="2" falsecount="4"/>
      <line num="55" count="1" type="stmt"/>
      <line num="60" count="0" type="stmt"/>
      <line num="65" count="0" type="stmt"/>
      <line num="70" count="0" type="stmt"/>
      <line num="75" count="1" type="stmt"/>
      <line num="80" count="0" type="stmt"/>
    </file>
    <file name="ledger.ts" path="C:\Windsurf\schockboard-apk\src\domain\ledger.ts">
      <metrics statements="9" coveredstatements="7" conditionals="4" coveredconditionals="3" methods="6" coveredmethods="4"/>
      <line num="4" count="1" type="cond" truecount="1" falsecount="1"/>
      <line num="5" count="0" type="stmt"/>
      <line num="8" count="1" type="stmt"/>
      <line num="17" count="1" type="stmt"/>
      <line num="21" count="0" type="stmt"/>
      <line num="25" count="1" type="stmt"/>
      <line num="26" count="2" type="cond" truecount="2" falsecount="0"/>
      <line num="27" count="1" type="stmt"/>
      <line num="30" count="1" type="stmt"/>
    </file>
    <file name="utils.ts" path="C:\Windsurf\schockboard-apk\src\domain\utils.ts">
      <metrics statements="22" coveredstatements="13" conditionals="18" coveredconditionals="9" methods="6" coveredmethods="4"/>
      <line num="2" count="0" type="stmt"/>
      <line num="6" count="1" type="stmt"/>
      <line num="16" count="1" type="stmt"/>
      <line num="18" count="1" type="cond" truecount="1" falsecount="1"/>
      <line num="19" count="0" type="stmt"/>
      <line num="22" count="1" type="stmt"/>
      <line num="24" count="1" type="cond" truecount="3" falsecount="1"/>
      <line num="25" count="0" type="stmt"/>
      <line num="28" count="1" type="stmt"/>
      <line num="32" count="1" type="stmt"/>
      <line num="34" count="1" type="cond" truecount="1" falsecount="1"/>
      <line num="35" count="0" type="stmt"/>
      <line num="38" count="1" type="stmt"/>
      <line num="40" count="1" type="cond" truecount="1" falsecount="1"/>
      <line num="41" count="0" type="stmt"/>
      <line num="44" count="1" type="stmt"/>
      <line num="48" count="2" type="cond" truecount="1" falsecount="1"/>
      <line num="49" count="2" type="cond" truecount="2" falsecount="0"/>
      <line num="53" count="0" type="cond" truecount="0" falsecount="2"/>
      <line num="55" count="0" type="cond" truecount="0" falsecount="2"/>
      <line num="56" count="0" type="stmt"/>
      <line num="59" count="0" type="stmt"/>
    </file>
  </project>
</coverage>
