{"C:\\Windsurf\\schockboard-apk\\src\\domain\\history.ts": {"path":"C:\\Windsurf\\schockboard-apk\\src\\domain\\history.ts","statementMap":{"0":{"start":{"line":4,"column":2},"end":{"line":4,"column":null}},"1":{"start":{"line":4,"column":48},"end":{"line":4,"column":76}},"2":{"start":{"line":8,"column":41},"end":{"line":21,"column":null}},"3":{"start":{"line":23,"column":2},"end":{"line":23,"column":null}},"4":{"start":{"line":27,"column":2},"end":{"line":28,"column":null}},"5":{"start":{"line":28,"column":4},"end":{"line":28,"column":null}},"6":{"start":{"line":31,"column":2},"end":{"line":32,"column":null}},"7":{"start":{"line":32,"column":4},"end":{"line":32,"column":null}},"8":{"start":{"line":35,"column":2},"end":{"line":36,"column":null}},"9":{"start":{"line":36,"column":4},"end":{"line":36,"column":null}},"10":{"start":{"line":39,"column":2},"end":{"line":39,"column":null}},"11":{"start":{"line":49,"column":23},"end":{"line":49,"column":null}},"12":{"start":{"line":50,"column":16},"end":{"line":50,"column":null}},"13":{"start":{"line":51,"column":28},"end":{"line":51,"column":51}},"14":{"start":{"line":53,"column":2},"end":{"line":83,"column":null}},"15":{"start":{"line":55,"column":6},"end":{"line":58,"column":null}},"16":{"start":{"line":60,"column":6},"end":{"line":63,"column":null}},"17":{"start":{"line":65,"column":6},"end":{"line":68,"column":null}},"18":{"start":{"line":70,"column":6},"end":{"line":73,"column":null}},"19":{"start":{"line":75,"column":6},"end":{"line":78,"column":null}},"20":{"start":{"line":80,"column":6},"end":{"line":83,"column":null}}},"fnMap":{"0":{"name":"joinParts","decl":{"start":{"line":3,"column":9},"end":{"line":3,"column":19}},"loc":{"start":{"line":3,"column":60},"end":{"line":4,"column":null}},"line":3},"1":{"name":"(anonymous_1)","decl":{"start":{"line":4,"column":15},"end":{"line":4,"column":23}},"loc":{"start":{"line":4,"column":48},"end":{"line":4,"column":76}},"line":4},"2":{"name":"translateAuditEvent","decl":{"start":{"line":7,"column":9},"end":{"line":7,"column":29}},"loc":{"start":{"line":7,"column":48},"end":{"line":23,"column":null}},"line":7},"3":{"name":"normalizeMessage","decl":{"start":{"line":26,"column":9},"end":{"line":26,"column":26}},"loc":{"start":{"line":26,"column":47},"end":{"line":39,"column":null}},"line":26},"4":{"name":"describeHistoryEntry","decl":{"start":{"line":42,"column":16},"end":{"line":42,"column":null}},"loc":{"start":{"line":48,"column":2},"end":{"line":83,"column":null}},"line":48}},"branchMap":{"0":{"loc":{"start":{"line":4,"column":56},"end":{"line":4,"column":75}},"type":"binary-expr","locations":[{"start":{"line":4,"column":56},"end":{"line":4,"column":64}},{"start":{"line":4,"column":64},"end":{"line":4,"column":75}}],"line":4},"1":{"loc":{"start":{"line":23,"column":9},"end":{"line":23,"column":60}},"type":"binary-expr","locations":[{"start":{"line":23,"column":9},"end":{"line":23,"column":30}},{"start":{"line":23,"column":30},"end":{"line":23,"column":60}}],"line":23},"2":{"loc":{"start":{"line":27,"column":2},"end":{"line":28,"column":null}},"type":"if","locations":[{"start":{"line":27,"column":2},"end":{"line":28,"column":null}},{"start":{},"end":{}}],"line":27},"3":{"loc":{"start":{"line":31,"column":2},"end":{"line":32,"column":null}},"type":"if","locations":[{"start":{"line":31,"column":2},"end":{"line":32,"column":null}},{"start":{},"end":{}}],"line":31},"4":{"loc":{"start":{"line":31,"column":6},"end":{"line":31,"column":68}},"type":"binary-expr","locations":[{"start":{"line":31,"column":6},"end":{"line":31,"column":31}},{"start":{"line":31,"column":31},"end":{"line":31,"column":68}}],"line":31},"5":{"loc":{"start":{"line":35,"column":2},"end":{"line":36,"column":null}},"type":"if","locations":[{"start":{"line":35,"column":2},"end":{"line":36,"column":null}},{"start":{},"end":{}}],"line":35},"6":{"loc":{"start":{"line":35,"column":6},"end":{"line":35,"column":76}},"type":"binary-expr","locations":[{"start":{"line":35,"column":6},"end":{"line":35,"column":34}},{"start":{"line":35,"column":34},"end":{"line":35,"column":76}}],"line":35},"7":{"loc":{"start":{"line":44,"column":2},"end":{"line":47,"column":8}},"type":"default-arg","locations":[{"start":{"line":47,"column":6},"end":{"line":47,"column":8}}],"line":44},"8":{"loc":{"start":{"line":49,"column":23},"end":{"line":49,"column":null}},"type":"cond-expr","locations":[{"start":{"line":49,"column":50},"end":{"line":49,"column":57}},{"start":{"line":49,"column":57},"end":{"line":49,"column":null}}],"line":49},"9":{"loc":{"start":{"line":50,"column":16},"end":{"line":50,"column":null}},"type":"cond-expr","locations":[{"start":{"line":50,"column":62},"end":{"line":50,"column":95}},{"start":{"line":50,"column":95},"end":{"line":50,"column":null}}],"line":50},"10":{"loc":{"start":{"line":50,"column":16},"end":{"line":50,"column":62}},"type":"binary-expr","locations":[{"start":{"line":50,"column":16},"end":{"line":50,"column":40}},{"start":{"line":50,"column":40},"end":{"line":50,"column":62}}],"line":50},"11":{"loc":{"start":{"line":53,"column":2},"end":{"line":83,"column":null}},"type":"switch","locations":[{"start":{"line":54,"column":4},"end":{"line":58,"column":null}},{"start":{"line":59,"column":4},"end":{"line":63,"column":null}},{"start":{"line":64,"column":4},"end":{"line":68,"column":null}},{"start":{"line":69,"column":4},"end":{"line":73,"column":null}},{"start":{"line":74,"column":4},"end":{"line":78,"column":null}},{"start":{"line":79,"column":4},"end":{"line":83,"column":null}}],"line":53},"12":{"loc":{"start":{"line":81,"column":15},"end":{"line":81,"column":null}},"type":"binary-expr","locations":[{"start":{"line":81,"column":15},"end":{"line":81,"column":35}},{"start":{"line":81,"column":35},"end":{"line":81,"column":null}}],"line":81}},"s":{"0":2,"1":5,"2":1,"3":1,"4":2,"5":0,"6":2,"7":1,"8":1,"9":0,"10":1,"11":2,"12":2,"13":2,"14":2,"15":1,"16":0,"17":0,"18":0,"19":1,"20":0},"f":{"0":2,"1":5,"2":1,"3":2,"4":2},"b":{"0":[5,3],"1":[1,0],"2":[0,2],"3":[1,1],"4":[2,1],"5":[0,1],"6":[1,0],"7":[2],"8":[0,2],"9":[0,2],"10":[2,0],"11":[1,0,0,0,1,0],"12":[0,0]},"meta":{"lastBranch":13,"lastFunction":5,"lastStatement":21,"seen":{"f:3:9:3:19":0,"s:4:2:4:Infinity":0,"f:4:15:4:23":1,"s:4:48:4:76":1,"b:4:56:4:64:4:64:4:75":0,"f:7:9:7:29":2,"s:8:41:21:Infinity":2,"s:23:2:23:Infinity":3,"b:23:9:23:30:23:30:23:60":1,"f:26:9:26:26":3,"b:27:2:28:Infinity:undefined:undefined:undefined:undefined":2,"s:27:2:28:Infinity":4,"s:28:4:28:Infinity":5,"b:31:2:32:Infinity:undefined:undefined:undefined:undefined":3,"s:31:2:32:Infinity":6,"b:31:6:31:31:31:31:31:68":4,"s:32:4:32:Infinity":7,"b:35:2:36:Infinity:undefined:undefined:undefined:undefined":5,"s:35:2:36:Infinity":8,"b:35:6:35:34:35:34:35:76":6,"s:36:4:36:Infinity":9,"s:39:2:39:Infinity":10,"f:42:16:42:Infinity":4,"b:47:6:47:8":7,"s:49:23:49:Infinity":11,"b:49:50:49:57:49:57:49:Infinity":8,"s:50:16:50:Infinity":12,"b:50:62:50:95:50:95:50:Infinity":9,"b:50:16:50:40:50:40:50:62":10,"s:51:28:51:51":13,"b:54:4:58:Infinity:59:4:63:Infinity:64:4:68:Infinity:69:4:73:Infinity:74:4:78:Infinity:79:4:83:Infinity":11,"s:53:2:83:Infinity":14,"s:55:6:58:Infinity":15,"s:60:6:63:Infinity":16,"s:65:6:68:Infinity":17,"s:70:6:73:Infinity":18,"s:75:6:78:Infinity":19,"s:80:6:83:Infinity":20,"b:81:15:81:35:81:35:81:Infinity":12}}}
,"C:\\Windsurf\\schockboard-apk\\src\\domain\\ledger.ts": {"path":"C:\\Windsurf\\schockboard-apk\\src\\domain\\ledger.ts","statementMap":{"0":{"start":{"line":4,"column":2},"end":{"line":5,"column":null}},"1":{"start":{"line":5,"column":4},"end":{"line":5,"column":null}},"2":{"start":{"line":8,"column":2},"end":{"line":8,"column":null}},"3":{"start":{"line":17,"column":2},"end":{"line":17,"column":null}},"4":{"start":{"line":21,"column":2},"end":{"line":21,"column":null}},"5":{"start":{"line":21,"column":47},"end":{"line":21,"column":60}},"6":{"start":{"line":25,"column":2},"end":{"line":31,"column":null}},"7":{"start":{"line":26,"column":4},"end":{"line":27,"column":null}},"8":{"start":{"line":27,"column":6},"end":{"line":27,"column":null}},"9":{"start":{"line":30,"column":4},"end":{"line":30,"column":null}}},"fnMap":{"0":{"name":"calculateAbsenceAverageCents","decl":{"start":{"line":3,"column":16},"end":{"line":3,"column":45}},"loc":{"start":{"line":3,"column":106},"end":{"line":8,"column":null}},"line":3},"1":{"name":"calculateOpenDebtCents","decl":{"start":{"line":11,"column":16},"end":{"line":11,"column":39}},"loc":{"start":{"line":16,"column":3},"end":{"line":17,"column":null}},"line":16},"2":{"name":"calculateCashboxTotalCents","decl":{"start":{"line":20,"column":16},"end":{"line":20,"column":43}},"loc":{"start":{"line":20,"column":69},"end":{"line":21,"column":null}},"line":20},"3":{"name":"(anonymous_3)","decl":{"start":{"line":21,"column":24},"end":{"line":21,"column":32}},"loc":{"start":{"line":21,"column":47},"end":{"line":21,"column":60}},"line":21},"4":{"name":"sortDebtors","decl":{"start":{"line":24,"column":16},"end":{"line":24,"column":28}},"loc":{"start":{"line":24,"column":55},"end":{"line":31,"column":null}},"line":24},"5":{"name":"(anonymous_5)","decl":{"start":{"line":25,"column":19},"end":{"line":25,"column":25}},"loc":{"start":{"line":25,"column":41},"end":{"line":31,"column":null}},"line":25}},"branchMap":{"0":{"loc":{"start":{"line":4,"column":2},"end":{"line":5,"column":null}},"type":"if","locations":[{"start":{"line":4,"column":2},"end":{"line":5,"column":null}},{"start":{},"end":{}}],"line":4},"1":{"loc":{"start":{"line":26,"column":4},"end":{"line":27,"column":null}},"type":"if","locations":[{"start":{"line":26,"column":4},"end":{"line":27,"column":null}},{"start":{},"end":{}}],"line":26}},"s":{"0":1,"1":0,"2":1,"3":1,"4":0,"5":0,"6":1,"7":2,"8":1,"9":1},"f":{"0":1,"1":1,"2":0,"3":0,"4":1,"5":2},"b":{"0":[0,1],"1":[1,1]},"meta":{"lastBranch":2,"lastFunction":6,"lastStatement":10,"seen":{"f:3:16:3:45":0,"b:4:2:5:Infinity:undefined:undefined:undefined:undefined":0,"s:4:2:5:Infinity":0,"s:5:4:5:Infinity":1,"s:8:2:8:Infinity":2,"f:11:16:11:39":1,"s:17:2:17:Infinity":3,"f:20:16:20:43":2,"s:21:2:21:Infinity":4,"f:21:24:21:32":3,"s:21:47:21:60":5,"f:24:16:24:28":4,"s:25:2:31:Infinity":6,"f:25:19:25:25":5,"b:26:4:27:Infinity:undefined:undefined:undefined:undefined":1,"s:26:4:27:Infinity":7,"s:27:6:27:Infinity":8,"s:30:4:30:Infinity":9}}}
,"C:\\Windsurf\\schockboard-apk\\src\\domain\\utils.ts": {"path":"C:\\Windsurf\\schockboard-apk\\src\\domain\\utils.ts","statementMap":{"0":{"start":{"line":2,"column":2},"end":{"line":2,"column":null}},"1":{"start":{"line":6,"column":2},"end":{"line":12,"column":null}},"2":{"start":{"line":16,"column":21},"end":{"line":16,"column":54}},"3":{"start":{"line":18,"column":2},"end":{"line":19,"column":null}},"4":{"start":{"line":19,"column":4},"end":{"line":19,"column":null}},"5":{"start":{"line":22,"column":16},"end":{"line":22,"column":34}},"6":{"start":{"line":24,"column":2},"end":{"line":25,"column":null}},"7":{"start":{"line":25,"column":4},"end":{"line":25,"column":null}},"8":{"start":{"line":28,"column":2},"end":{"line":28,"column":null}},"9":{"start":{"line":32,"column":21},"end":{"line":32,"column":54}},"10":{"start":{"line":34,"column":2},"end":{"line":35,"column":null}},"11":{"start":{"line":35,"column":4},"end":{"line":35,"column":null}},"12":{"start":{"line":38,"column":16},"end":{"line":38,"column":34}},"13":{"start":{"line":40,"column":2},"end":{"line":41,"column":null}},"14":{"start":{"line":41,"column":4},"end":{"line":41,"column":null}},"15":{"start":{"line":44,"column":2},"end":{"line":44,"column":null}},"16":{"start":{"line":48,"column":21},"end":{"line":48,"column":null}},"17":{"start":{"line":49,"column":2},"end":{"line":49,"column":null}},"18":{"start":{"line":53,"column":21},"end":{"line":53,"column":null}},"19":{"start":{"line":55,"column":2},"end":{"line":56,"column":null}},"20":{"start":{"line":56,"column":4},"end":{"line":56,"column":null}},"21":{"start":{"line":59,"column":2},"end":{"line":59,"column":null}}},"fnMap":{"0":{"name":"nowIso","decl":{"start":{"line":1,"column":16},"end":{"line":1,"column":25}},"loc":{"start":{"line":1,"column":25},"end":{"line":2,"column":null}},"line":1},"1":{"name":"slugify","decl":{"start":{"line":5,"column":16},"end":{"line":5,"column":24}},"loc":{"start":{"line":5,"column":39},"end":{"line":12,"column":null}},"line":5},"2":{"name":"parseEuroToCents","decl":{"start":{"line":15,"column":16},"end":{"line":15,"column":33}},"loc":{"start":{"line":15,"column":51},"end":{"line":28,"column":null}},"line":15},"3":{"name":"parseSignedEuroToCents","decl":{"start":{"line":31,"column":16},"end":{"line":31,"column":39}},"loc":{"start":{"line":31,"column":57},"end":{"line":44,"column":null}},"line":31},"4":{"name":"cleanOptionalText","decl":{"start":{"line":47,"column":16},"end":{"line":47,"column":34}},"loc":{"start":{"line":47,"column":68},"end":{"line":49,"column":null}},"line":47},"5":{"name":"assertNonEmpty","decl":{"start":{"line":52,"column":16},"end":{"line":52,"column":31}},"loc":{"start":{"line":52,"column":82},"end":{"line":59,"column":null}},"line":52}},"branchMap":{"0":{"loc":{"start":{"line":18,"column":2},"end":{"line":19,"column":null}},"type":"if","locations":[{"start":{"line":18,"column":2},"end":{"line":19,"column":null}},{"start":{},"end":{}}],"line":18},"1":{"loc":{"start":{"line":24,"column":2},"end":{"line":25,"column":null}},"type":"if","locations":[{"start":{"line":24,"column":2},"end":{"line":25,"column":null}},{"start":{},"end":{}}],"line":24},"2":{"loc":{"start":{"line":24,"column":6},"end":{"line":24,"column":40}},"type":"binary-expr","locations":[{"start":{"line":24,"column":6},"end":{"line":24,"column":25}},{"start":{"line":24,"column":29},"end":{"line":24,"column":40}}],"line":24},"3":{"loc":{"start":{"line":34,"column":2},"end":{"line":35,"column":null}},"type":"if","locations":[{"start":{"line":34,"column":2},"end":{"line":35,"column":null}},{"start":{},"end":{}}],"line":34},"4":{"loc":{"start":{"line":40,"column":2},"end":{"line":41,"column":null}},"type":"if","locations":[{"start":{"line":40,"column":2},"end":{"line":41,"column":null}},{"start":{},"end":{}}],"line":40},"5":{"loc":{"start":{"line":48,"column":21},"end":{"line":48,"column":null}},"type":"binary-expr","locations":[{"start":{"line":48,"column":21},"end":{"line":48,"column":34}},{"start":{"line":48,"column":38},"end":{"line":48,"column":null}}],"line":48},"6":{"loc":{"start":{"line":49,"column":9},"end":{"line":49,"column":null}},"type":"cond-expr","locations":[{"start":{"line":49,"column":33},"end":{"line":49,"column":46}},{"start":{"line":49,"column":46},"end":{"line":49,"column":null}}],"line":49},"7":{"loc":{"start":{"line":53,"column":21},"end":{"line":53,"column":null}},"type":"binary-expr","locations":[{"start":{"line":53,"column":21},"end":{"line":53,"column":34}},{"start":{"line":53,"column":38},"end":{"line":53,"column":null}}],"line":53},"8":{"loc":{"start":{"line":55,"column":2},"end":{"line":56,"column":null}},"type":"if","locations":[{"start":{"line":55,"column":2},"end":{"line":56,"column":null}},{"start":{},"end":{}}],"line":55}},"s":{"0":0,"1":1,"2":1,"3":1,"4":0,"5":1,"6":1,"7":0,"8":1,"9":1,"10":1,"11":0,"12":1,"13":1,"14":0,"15":1,"16":2,"17":2,"18":0,"19":0,"20":0,"21":0},"f":{"0":0,"1":1,"2":1,"3":1,"4":2,"5":0},"b":{"0":[0,1],"1":[0,1],"2":[1,1],"3":[0,1],"4":[0,1],"5":[2,0],"6":[1,1],"7":[0,0],"8":[0,0]},"meta":{"lastBranch":9,"lastFunction":6,"lastStatement":22,"seen":{"f:1:16:1:25":0,"s:2:2:2:Infinity":0,"f:5:16:5:24":1,"s:6:2:12:Infinity":1,"f:15:16:15:33":2,"s:16:21:16:54":2,"b:18:2:19:Infinity:undefined:undefined:undefined:undefined":0,"s:18:2:19:Infinity":3,"s:19:4:19:Infinity":4,"s:22:16:22:34":5,"b:24:2:25:Infinity:undefined:undefined:undefined:undefined":1,"s:24:2:25:Infinity":6,"b:24:6:24:25:24:29:24:40":2,"s:25:4:25:Infinity":7,"s:28:2:28:Infinity":8,"f:31:16:31:39":3,"s:32:21:32:54":9,"b:34:2:35:Infinity:undefined:undefined:undefined:undefined":3,"s:34:2:35:Infinity":10,"s:35:4:35:Infinity":11,"s:38:16:38:34":12,"b:40:2:41:Infinity:undefined:undefined:undefined:undefined":4,"s:40:2:41:Infinity":13,"s:41:4:41:Infinity":14,"s:44:2:44:Infinity":15,"f:47:16:47:34":4,"s:48:21:48:Infinity":16,"b:48:21:48:34:48:38:48:Infinity":5,"s:49:2:49:Infinity":17,"b:49:33:49:46:49:46:49:Infinity":6,"f:52:16:52:31":5,"s:53:21:53:Infinity":18,"b:53:21:53:34:53:38:53:Infinity":7,"b:55:2:56:Infinity:undefined:undefined:undefined:undefined":8,"s:55:2:56:Infinity":19,"s:56:4:56:Infinity":20,"s:59:2:59:Infinity":21}}}
}
